<?xml version="1.0" encoding="UTF-8"?>
<testng-results ignored="0" total="1" passed="1" failed="0" skipped="0">
  <reporter-output>
  </reporter-output>
  <suite started-at="2022-01-25T23:05:49 IST" name="Surefire suite" finished-at="2022-01-25T23:06:13 IST" duration-ms="24002">
    <groups>
    </groups>
    <test started-at="2022-01-25T23:05:49 IST" name="Surefire test" finished-at="2022-01-25T23:06:13 IST" duration-ms="24002">
      <class name="CucumberE2E.CucumberTestNGInteg.AppTest">
        <test-method signature="shouldAnswerWithTrue()" started-at="2022-01-25T23:05:50 IST" name="shouldAnswerWithTrue" finished-at="2022-01-25T23:05:50 IST" duration-ms="14" status="PASS">
          <reporter-output>
          </reporter-output>
        </test-method> <!-- shouldAnswerWithTrue -->
      </class> <!-- CucumberE2E.CucumberTestNGInteg.AppTest -->
    </test> <!-- Surefire test -->
  </suite> <!-- Surefire suite -->
</testng-results>
