<?xml version="1.0" encoding="UTF-8"?>
<testng-results ignored="0" total="3" passed="3" failed="0" skipped="0">
  <reporter-output>
    <line>
      <![CDATA[Driver is initialized]]>
    </line>
    <line>
      <![CDATA[Driver is initialized]]>
    </line>
    <line>
      <![CDATA[Driver is initialized]]>
    </line>
    <line>
      <![CDATA[Navigated to Home Page]]>
    </line>
    <line>
      <![CDATA[Navigated to Home Page]]>
    </line>
    <line>
      <![CDATA[Navigated to Home Page]]>
    </line>
    <line>
      <![CDATA[Successfully validated text message]]>
    </line>
    <line>
      <![CDATA[Navigate Bar is displayed]]>
    </line>
    <line>
      <![CDATA[User Login with Invalid credentials]]>
    </line>
  </reporter-output>
  <suite started-at="2022-02-07T20:05:23 IST" name="Suite" finished-at="2022-02-07T20:06:26 IST" duration-ms="63785">
    <groups>
    </groups>
    <test started-at="2022-02-07T20:05:23 IST" name="Validating Page Title" finished-at="2022-02-07T20:06:13 IST" duration-ms="50066">
      <class name="TestNGPractice.E2ETesting.validateTitle">
        <test-method signature="basePageNavigation()[pri:0, instance:TestNGPractice.E2ETesting.validateTitle@e27ba81]" started-at="2022-02-07T20:05:23 IST" name="basePageNavigation" finished-at="2022-02-07T20:06:13 IST" duration-ms="49907" status="PASS">
          <reporter-output>
            <line>
              <![CDATA[Driver is initialized]]>
            </line>
            <line>
              <![CDATA[Navigated to Home Page]]>
            </line>
            <line>
              <![CDATA[Successfully validated text message]]>
            </line>
          </reporter-output>
        </test-method> <!-- basePageNavigation -->
      </class> <!-- TestNGPractice.E2ETesting.validateTitle -->
    </test> <!-- Validating Page Title -->
    <test started-at="2022-02-07T20:05:23 IST" name="Validating Page Navigation Bar" finished-at="2022-02-07T20:06:13 IST" duration-ms="50088">
      <class name="TestNGPractice.E2ETesting.validateNavigationBar">
        <test-method signature="basePageNavigation()[pri:0, instance:TestNGPractice.E2ETesting.validateNavigationBar@1bdaa23d]" started-at="2022-02-07T20:05:23 IST" name="basePageNavigation" finished-at="2022-02-07T20:06:13 IST" duration-ms="50022" status="PASS">
          <reporter-output>
            <line>
              <![CDATA[Driver is initialized]]>
            </line>
            <line>
              <![CDATA[Navigated to Home Page]]>
            </line>
            <line>
              <![CDATA[Navigate Bar is displayed]]>
            </line>
          </reporter-output>
        </test-method> <!-- basePageNavigation -->
      </class> <!-- TestNGPractice.E2ETesting.validateNavigationBar -->
    </test> <!-- Validating Page Navigation Bar -->
    <test started-at="2022-02-07T20:05:23 IST" name="Validating Home Page and Traversing through Login" finished-at="2022-02-07T20:06:26 IST" duration-ms="63785">
      <class name="TestNGPractice.E2ETesting.HomePage">
        <test-method signature="basePageNavigation()[pri:0, instance:TestNGPractice.E2ETesting.HomePage@1c65121]" started-at="2022-02-07T20:05:23 IST" name="basePageNavigation" finished-at="2022-02-07T20:06:26 IST" duration-ms="63718" status="PASS">
          <reporter-output>
            <line>
              <![CDATA[Driver is initialized]]>
            </line>
            <line>
              <![CDATA[Navigated to Home Page]]>
            </line>
            <line>
              <![CDATA[User Login with Invalid credentials]]>
            </line>
          </reporter-output>
        </test-method> <!-- basePageNavigation -->
      </class> <!-- TestNGPractice.E2ETesting.HomePage -->
    </test> <!-- Validating Home Page and Traversing through Login -->
  </suite> <!-- Suite -->
</testng-results>
